15:17:06.224 [AWT-EventQueue-0] INFO  c.b.actions.EnableBrowserStack - Setting enable browserstack run update
15:17:06.257 [AWT-EventQueue-0] INFO  c.b.actions.EnableBrowserStack - Setting enable browserstack run update
15:17:06.272 [AWT-EventQueue-0] INFO  c.b.actions.DisableBrowserStack - Setting disable browserstack run update
15:17:07.045 [AWT-EventQueue-0] INFO  c.b.actions.EnableBrowserStack - Setting enable browserstack run update
15:17:07.059 [AWT-EventQueue-0] INFO  c.b.actions.DisableBrowserStack - Setting disable browserstack run update
15:17:08.976 [AWT-EventQueue-0] INFO  c.b.actions.EnableBrowserStack - Setting enable browserstack run update
15:17:08.994 [AWT-EventQueue-0] INFO  c.b.actions.DisableBrowserStack - Setting disable browserstack run update
15:18:49.639 [AWT-EventQueue-0] INFO  c.b.launchers.LaunchMavenCommand - Integrate source: java:appium-intellij:v1.1.2
15:18:49.641 [AWT-EventQueue-0] INFO  c.b.launchers.LaunchMavenCommand - Executing maven archetype command - browserstack-sdk-archetype-integrate
15:18:50.152 [ApplicationImpl pooled thread 33] INFO  c.b.l.BrowserStackRunExtension - maven
15:18:50.153 [ApplicationImpl pooled thread 33] INFO  com.browserstack.utils.Helpers - null
15:31:11.547 [AWT-EventQueue-0] INFO  c.b.actions.EnableBrowserStack - Setting enable browserstack run update
15:31:11.565 [AWT-EventQueue-0] INFO  c.b.actions.EnableBrowserStack - Setting enable browserstack run update
15:31:11.575 [AWT-EventQueue-0] INFO  c.b.actions.DisableBrowserStack - Setting disable browserstack run update
15:31:18.974 [AWT-EventQueue-0] INFO  c.b.launchers.LaunchMavenCommand - Integrate source: java:appium-intellij:v1.1.2
15:31:18.974 [AWT-EventQueue-0] INFO  c.b.launchers.LaunchMavenCommand - Executing maven archetype command - browserstack-sdk-archetype-integrate
15:31:19.063 [ApplicationImpl pooled thread 49] INFO  c.b.l.BrowserStackRunExtension - maven
15:31:19.063 [ApplicationImpl pooled thread 49] INFO  com.browserstack.utils.Helpers - null
15:31:28.046 [java] INFO  c.b.launchers.LaunchMavenCommand - Completed maven archetype command
15:58:58.117 [ApplicationImpl pooled thread 94] INFO  c.b.l.BrowserStackRunExtension - application
15:58:58.120 [ApplicationImpl pooled thread 94] INFO  com.browserstack.utils.Helpers - true
16:00:52.386 [ApplicationImpl pooled thread 98] INFO  c.b.l.BrowserStackRunExtension - application
16:00:52.386 [ApplicationImpl pooled thread 98] INFO  com.browserstack.utils.Helpers - true
22:56:08.105 [ApplicationImpl pooled thread 278] INFO  c.b.l.BrowserStackRunExtension - application
22:56:08.105 [ApplicationImpl pooled thread 278] INFO  com.browserstack.utils.Helpers - true
22:57:42.909 [ApplicationImpl pooled thread 292] INFO  c.b.l.BrowserStackRunExtension - application
22:57:42.910 [ApplicationImpl pooled thread 292] INFO  com.browserstack.utils.Helpers - true
23:58:02.604 [ApplicationImpl pooled thread 646] INFO  c.b.l.BrowserStackRunExtension - application
23:58:02.605 [ApplicationImpl pooled thread 646] INFO  com.browserstack.utils.Helpers - true
00:00:06.094 [ApplicationImpl pooled thread 642] INFO  c.b.l.BrowserStackRunExtension - application
00:00:06.095 [ApplicationImpl pooled thread 642] INFO  com.browserstack.utils.Helpers - true
00:03:35.386 [ApplicationImpl pooled thread 660] INFO  c.b.l.BrowserStackRunExtension - application
00:03:35.387 [ApplicationImpl pooled thread 660] INFO  com.browserstack.utils.Helpers - true
03:02:47.535 [ApplicationImpl pooled thread 748] INFO  c.b.l.BrowserStackRunExtension - application
03:02:47.536 [ApplicationImpl pooled thread 748] INFO  com.browserstack.utils.Helpers - true
03:07:35.340 [ApplicationImpl pooled thread 755] INFO  c.b.l.BrowserStackRunExtension - application
03:07:35.341 [ApplicationImpl pooled thread 755] INFO  com.browserstack.utils.Helpers - true
14:48:58.722 [ApplicationImpl pooled thread 920] INFO  c.b.l.BrowserStackRunExtension - application
14:48:58.731 [ApplicationImpl pooled thread 920] INFO  com.browserstack.utils.Helpers - true
14:49:48.871 [ApplicationImpl pooled thread 932] INFO  c.b.l.BrowserStackRunExtension - application
14:49:48.872 [ApplicationImpl pooled thread 932] INFO  com.browserstack.utils.Helpers - true
15:05:13.508 [ApplicationImpl pooled thread 935] INFO  c.b.l.BrowserStackRunExtension - application
15:05:13.509 [ApplicationImpl pooled thread 935] INFO  com.browserstack.utils.Helpers - true
15:56:11.317 [AWT-EventQueue-0] INFO  c.b.actions.EnableBrowserStack - Setting enable browserstack run update
15:56:11.328 [AWT-EventQueue-0] INFO  com.browserstack.utils.Helpers - /Users/adarsh/.m2/repository/com/browserstack/browserstack-java-sdk/1.22.1/browserstack-java-sdk-1.22.1.jar
15:56:11.328 [AWT-EventQueue-0] INFO  com.browserstack.utils.Helpers - true
15:56:11.348 [AWT-EventQueue-0] INFO  c.b.actions.EnableBrowserStack - Setting enable browserstack run update
15:56:11.349 [AWT-EventQueue-0] INFO  com.browserstack.utils.Helpers - /Users/adarsh/.m2/repository/com/browserstack/browserstack-java-sdk/1.22.1/browserstack-java-sdk-1.22.1.jar
15:56:11.350 [AWT-EventQueue-0] INFO  com.browserstack.utils.Helpers - true
15:56:11.369 [AWT-EventQueue-0] INFO  c.b.actions.DisableBrowserStack - Setting disable browserstack run update
15:56:11.371 [AWT-EventQueue-0] INFO  com.browserstack.utils.Helpers - /Users/adarsh/.m2/repository/com/browserstack/browserstack-java-sdk/1.22.1/browserstack-java-sdk-1.22.1.jar
15:56:11.371 [AWT-EventQueue-0] INFO  com.browserstack.utils.Helpers - true
11:23:54.337 [ApplicationImpl pooled thread 39] INFO  c.b.l.BrowserStackRunExtension - application
11:23:54.390 [ApplicationImpl pooled thread 39] INFO  com.browserstack.utils.Helpers - true
11:27:56.927 [ApplicationImpl pooled thread 43] INFO  c.b.l.BrowserStackRunExtension - application
11:27:56.928 [ApplicationImpl pooled thread 43] INFO  com.browserstack.utils.Helpers - true
11:31:20.568 [ApplicationImpl pooled thread 43] INFO  c.b.l.BrowserStackRunExtension - application
11:31:20.568 [ApplicationImpl pooled thread 43] INFO  com.browserstack.utils.Helpers - true
11:31:46.339 [ApplicationImpl pooled thread 58] INFO  c.b.l.BrowserStackRunExtension - application
11:31:46.340 [ApplicationImpl pooled thread 58] INFO  com.browserstack.utils.Helpers - true
11:40:10.920 [ApplicationImpl pooled thread 61] INFO  c.b.l.BrowserStackRunExtension - application
11:40:10.924 [ApplicationImpl pooled thread 61] INFO  com.browserstack.utils.Helpers - true
11:42:09.880 [ApplicationImpl pooled thread 62] INFO  c.b.l.BrowserStackRunExtension - application
11:42:09.881 [ApplicationImpl pooled thread 62] INFO  com.browserstack.utils.Helpers - true
11:43:51.291 [ApplicationImpl pooled thread 72] INFO  c.b.l.BrowserStackRunExtension - application
11:43:51.292 [ApplicationImpl pooled thread 72] INFO  com.browserstack.utils.Helpers - true
11:45:10.799 [ApplicationImpl pooled thread 87] INFO  c.b.l.BrowserStackRunExtension - application
11:45:10.800 [ApplicationImpl pooled thread 87] INFO  com.browserstack.utils.Helpers - true
